<?xml version="1.0" encoding="UTF-8"?>
<!-- Generated by org.testng.reporters.JUnitXMLReporter -->
<testsuite ignored="0" hostname="SaiSravani" failures="0" tests="4" name="Submit Order Test" time="77.414" errors="0" timestamp="2025-05-05T16:24:53 CEST">
  <testcase classname="practiceSeleniumFramework.tests.SubmitOrderTest" name="SubmitOrder" time="24.264">
    <skipped/>
  </testcase> <!-- SubmitOrder -->
  <testcase classname="practiceSeleniumFramework.tests.SubmitOrderTest" name="SubmitOrder" time="15.819"/>
  <testcase classname="practiceSeleniumFramework.tests.SubmitOrderTest" name="SubmitOrder" time="15.628"/>
  <testcase classname="practiceSeleniumFramework.tests.SubmitOrderTest" name="OrderHistoryTest" time="0.918"/>
</testsuite> <!-- Submit Order Test -->
